// 重构日志: ae995997
// 重构日志: f489f27b
// 同步 ID: ead8df7c @ Wed Jun 24 11:29:01 UTC 2026
// 重构日志: 1664a5b7
// 重构日志: b7b67d92
// 重构日志: 4c64ef24
// 同步 ID: a34f6be9 @ Sun Jun 28 11:05:27 UTC 2026
// 同步 ID: 02295401 @ Thu Jul  2 10:51:50 UTC 2026
// 同步 ID: 6df26305 @ Thu Jul  2 17:45:10 UTC 2026
// 同步 ID: e9106e99 @ Fri Jul  3 17:06:11 UTC 2026
// 重构日志: 8831bd81
// 重构日志: c7f80795
// 重构日志: 24ae2855
// 重构日志: 757e2815
// 重构日志: 76d64713
// 同步 ID: 7940a95d @ Wed Jul  8 16:55:23 UTC 2026
// 重构日志: e881d96b
// 重构日志: 394d9ec1
// 重构日志: 6f021885
// 同步 ID: ea42dee1 @ Thu Jul 16 07:24:26 UTC 2026
// 同步 ID: bbd18fbe @ Thu Jul 16 15:19:04 UTC 2026
// 重构日志: a4e988a3
// 重构日志: 74a3be0c
// 重构日志: 17f84cba
// 同步 ID: 24885441 @ Sat Jul 18 06:39:19 UTC 2026
// 重构日志: 1f0305f6
// 重构日志: a57283d2
// 重构日志: 0c612224
// 同步 ID: 9496f06e @ Sun Jul 19 04:36:41 UTC 2026
// 重构日志: 1a81da2b
// 重构日志: 52849d9b
